#
# There is insufficient memory for the Java Runtime Environment to continue.
# Native memory allocation (malloc) failed to allocate 996976 bytes for Chunk::new
# Possible reasons:
#   The system is out of physical RAM or swap space
#   The process is running with CompressedOops enabled, and the Java Heap may be blocking the growth of the native heap
# Possible solutions:
#   Reduce memory load on the system
#   Increase physical memory or swap space
#   Check if swap backing store is full
#   Decrease Java heap size (-Xmx/-Xms)
#   Decrease number of Java threads
#   Decrease Java thread stack sizes (-Xss)
#   Set larger code cache with -XX:ReservedCodeCacheSize=
#   JVM is running with Zero Based Compressed Oops mode in which the Java heap is
#     placed in the first 32GB address space. The Java Heap base address is the
#     maximum limit for the native heap growth. Please use -XX:HeapBaseMinAddress
#     to set the Java Heap base and to place the Java Heap above 32GB virtual address.
# This output file may be truncated or incomplete.
#
#  Out of Memory Error (arena.cpp:189), pid=10120, tid=4996
#
# JRE version: OpenJDK Runtime Environment Zulu17.40+19-CA (17.0.6+10) (build 17.0.6+10-LTS)
# Java VM: OpenJDK 64-Bit Server VM Zulu17.40+19-CA (17.0.6+10-LTS, mixed mode, sharing, tiered, compressed oops, compressed class ptrs, g1 gc, windows-amd64)
# No core dump will be written. Minidumps are not enabled by default on client versions of Windows
#

---------------  S U M M A R Y ------------

Command Line: -agentlib:jdwp=transport=dt_socket,server=n,suspend=y,address=127.0.0.1:51816 -Dfile.encoding=windows-1252 -Duser.country=US -Duser.language=en -Duser.variant sqa.example.PtitApplication

Host: Intel(R) Core(TM) i7-10510U CPU @ 1.80GHz, 8 cores, 15G,  Windows 11 , 64 bit Build 22621 (10.0.22621.1485)
Time: Sun Apr 23 15:14:36 2023 SE Asia Standard Time elapsed time: 3.083963 seconds (0d 0h 0m 3s)

---------------  T H R E A D  ---------------

Current thread (0x0000019c2d915820):  JavaThread "C2 CompilerThread0" daemon [_thread_in_native, id=4996, stack(0x00000009c2400000,0x00000009c2500000)]


Current CompileTask:
C2:   3084 2924       4       org.springframework.core.ResolvableType::as (86 bytes)

Stack: [0x00000009c2400000,0x00000009c2500000]
Native frames: (J=compiled Java code, j=interpreted, Vv=VM code, C=native code)
V  [jvm.dll+0x67c72a]
V  [jvm.dll+0x83a2c4]
V  [jvm.dll+0x83ba6e]
V  [jvm.dll+0x83c0d3]
V  [jvm.dll+0x249415]
V  [jvm.dll+0xabc9c]
V  [jvm.dll+0xac26c]
V  [jvm.dll+0x367902]
V  [jvm.dll+0x1bc198]
V  [jvm.dll+0x218c29]
V  [jvm.dll+0x217ef1]
V  [jvm.dll+0x1a40bd]
V  [jvm.dll+0x22787a]
V  [jvm.dll+0x2259d5]
V  [jvm.dll+0x7efcac]
V  [jvm.dll+0x7ea20a]
V  [jvm.dll+0x67b5d5]
C  [ucrtbase.dll+0x29363]
C  [KERNEL32.DLL+0x1269d]
C  [ntdll.dll+0x5a9f8]


---------------  P R O C E S S  ---------------

Threads class SMR info:
_java_thread_list=0x0000019c2eeaf3a0, length=17, elements={
0x0000019c09f9e1d0, 0x0000019c2cf25480, 0x0000019c2cf26040, 0x0000019c2d909aa0,
0x0000019c2d9127a0, 0x0000019c2d913160, 0x0000019c2d914b30, 0x0000019c2d915820,
0x0000019c2d9197d0, 0x0000019c2d925230, 0x0000019c2da7da70, 0x0000019c2da80730,
0x0000019c2da82f30, 0x0000019c2da86de0, 0x0000019c2da9a4f0, 0x0000019c2da99720,
0x0000019c309e0040
}

Java Threads: ( => current thread )
  0x0000019c09f9e1d0 JavaThread "main" [_thread_in_Java, id=13880, stack(0x00000009c1700000,0x00000009c1800000)]
  0x0000019c2cf25480 JavaThread "Reference Handler" daemon [_thread_blocked, id=7208, stack(0x00000009c1e00000,0x00000009c1f00000)]
  0x0000019c2cf26040 JavaThread "Finalizer" daemon [_thread_blocked, id=12784, stack(0x00000009c1f00000,0x00000009c2000000)]
  0x0000019c2d909aa0 JavaThread "Signal Dispatcher" daemon [_thread_blocked, id=12728, stack(0x00000009c2000000,0x00000009c2100000)]
  0x0000019c2d9127a0 JavaThread "Attach Listener" daemon [_thread_blocked, id=16256, stack(0x00000009c2100000,0x00000009c2200000)]
  0x0000019c2d913160 JavaThread "Service Thread" daemon [_thread_blocked, id=3804, stack(0x00000009c2200000,0x00000009c2300000)]
  0x0000019c2d914b30 JavaThread "Monitor Deflation Thread" daemon [_thread_blocked, id=8624, stack(0x00000009c2300000,0x00000009c2400000)]
=>0x0000019c2d915820 JavaThread "C2 CompilerThread0" daemon [_thread_in_native, id=4996, stack(0x00000009c2400000,0x00000009c2500000)]
  0x0000019c2d9197d0 JavaThread "C1 CompilerThread0" daemon [_thread_in_native, id=10204, stack(0x00000009c2500000,0x00000009c2600000)]
  0x0000019c2d925230 JavaThread "Sweeper thread" daemon [_thread_blocked, id=21204, stack(0x00000009c2600000,0x00000009c2700000)]
  0x0000019c2da7da70 JavaThread "JDWP Transport Listener: dt_socket" daemon [_thread_blocked, id=12128, stack(0x00000009c2700000,0x00000009c2800000)]
  0x0000019c2da80730 JavaThread "JDWP Event Helper Thread" daemon [_thread_blocked, id=16740, stack(0x00000009c2800000,0x00000009c2900000)]
  0x0000019c2da82f30 JavaThread "JDWP Command Reader" daemon [_thread_in_native, id=15920, stack(0x00000009c2900000,0x00000009c2a00000)]
  0x0000019c2da86de0 JavaThread "Notification Thread" daemon [_thread_blocked, id=9132, stack(0x00000009c2a00000,0x00000009c2b00000)]
  0x0000019c2da9a4f0 JavaThread "Common-Cleaner" daemon [_thread_blocked, id=6232, stack(0x00000009c2c00000,0x00000009c2d00000)]
  0x0000019c2da99720 JavaThread "C2 CompilerThread1" daemon [_thread_in_native, id=11792, stack(0x00000009c2d00000,0x00000009c2e00000)]
  0x0000019c309e0040 JavaThread "C2 CompilerThread2" daemon [_thread_in_native, id=1048, stack(0x00000009c2e00000,0x00000009c2f00000)]

Other Threads:
  0x0000019c2cf209d0 VMThread "VM Thread" [stack: 0x00000009c1d00000,0x00000009c1e00000] [id=2932]
  0x0000019c0a022660 WatcherThread [stack: 0x00000009c2b00000,0x00000009c2c00000] [id=20332]
  0x0000019c0a008cd0 GCTaskThread "GC Thread#0" [stack: 0x00000009c1800000,0x00000009c1900000] [id=18160]
  0x0000019c2e933200 GCTaskThread "GC Thread#1" [stack: 0x00000009c2f00000,0x00000009c3000000] [id=21488]
  0x0000019c2e4471d0 GCTaskThread "GC Thread#2" [stack: 0x00000009c3000000,0x00000009c3100000] [id=9144]
  0x0000019c2e447490 GCTaskThread "GC Thread#3" [stack: 0x00000009c3100000,0x00000009c3200000] [id=3356]
  0x0000019c2e3b2060 GCTaskThread "GC Thread#4" [stack: 0x00000009c3200000,0x00000009c3300000] [id=13932]
  0x0000019c2e3b2730 GCTaskThread "GC Thread#5" [stack: 0x00000009c3300000,0x00000009c3400000] [id=8872]
  0x0000019c2e6a94a0 GCTaskThread "GC Thread#6" [stack: 0x00000009c3400000,0x00000009c3500000] [id=18204]
  0x0000019c2e7fe300 GCTaskThread "GC Thread#7" [stack: 0x00000009c3500000,0x00000009c3600000] [id=1548]
  0x0000019c0a019a90 ConcurrentGCThread "G1 Main Marker" [stack: 0x00000009c1900000,0x00000009c1a00000] [id=8100]
  0x0000019c0a01ac40 ConcurrentGCThread "G1 Conc#0" [stack: 0x00000009c1a00000,0x00000009c1b00000] [id=15172]
  0x0000019c0a04e650 ConcurrentGCThread "G1 Refine#0" [stack: 0x00000009c1b00000,0x00000009c1c00000] [id=16588]
  0x0000019c2cdd5300 ConcurrentGCThread "G1 Service" [stack: 0x00000009c1c00000,0x00000009c1d00000] [id=4396]

Threads with active compile tasks:
C2 CompilerThread0     3113 2924       4       org.springframework.core.ResolvableType::as (86 bytes)
C1 CompilerThread0     3113 3063       3       java.util.TreeMap::fixAfterInsertion (267 bytes)
C2 CompilerThread1     3114 2666   !   4       jdk.internal.loader.BuiltinClassLoader::loadClassOrNull (143 bytes)
C2 CompilerThread2     3114 2956       4       org.springframework.beans.factory.support.AbstractBeanFactory::isTypeMatch (607 bytes)

VM state: not at safepoint (normal execution)

VM Mutex/Monitor currently owned by a thread:  ([mutex/lock_event])
[0x0000019c09f99f40] MethodData_lock - owner thread: 0x0000000000000000

Heap address: 0x0000000702e00000, size: 4050 MB, Compressed Oops mode: Zero based, Oop shift amount: 3

CDS archive(s) mapped at: [0x0000000800000000-0x0000000800c00000-0x0000000800c00000), size 12582912, SharedBaseAddress: 0x0000000800000000, ArchiveRelocationMode: 0.
Compressed class space mapped at: 0x0000000800c00000-0x0000000840c00000, reserved size: 1073741824
Narrow klass base: 0x0000000800000000, Narrow klass shift: 0, Narrow klass range: 0x100000000

GC Precious Log:
 CPUs: 8 total, 8 available
 Memory: 16198M
 Large Page Support: Disabled
 NUMA Support: Disabled
 Compressed Oops: Enabled (Zero based)
 Heap Region Size: 2M
 Heap Min Capacity: 8M
 Heap Initial Capacity: 254M
 Heap Max Capacity: 4050M
 Pre-touch: Disabled
 Parallel Workers: 8
 Concurrent Workers: 2
 Concurrent Refinement Workers: 8
 Periodic GC: Disabled

Heap:
 garbage-first heap   total 260096K, used 71512K [0x0000000702e00000, 0x0000000800000000)
  region size 2048K, 34 young (69632K), 1 survivors (2048K)
 Metaspace       used 21050K, committed 21312K, reserved 1073152K
  class space    used 2574K, committed 2688K, reserved 1048576K

Heap Regions: E=young(eden), S=young(survivor), O=old, HS=humongous(starts), HC=humongous(continues), CS=collection set, F=free, OA=open archive, CA=closed archive, TAMS=top-at-mark-start (previous, next)
|   0|0x0000000702e00000, 0x0000000703000000, 0x0000000703000000|100%| O|  |TAMS 0x0000000702e00000, 0x0000000702e00000| Untracked 
|   1|0x0000000703000000, 0x0000000703200000, 0x0000000703200000|100%| O|  |TAMS 0x0000000703000000, 0x0000000703000000| Untracked 
|   2|0x0000000703200000, 0x0000000703400000, 0x0000000703400000|100%| O|  |TAMS 0x0000000703200000, 0x0000000703200000| Untracked 
|   3|0x0000000703400000, 0x000000070347c200, 0x0000000703600000| 24%| O|  |TAMS 0x0000000703400000, 0x0000000703400000| Untracked 
|   4|0x0000000703600000, 0x0000000703600000, 0x0000000703800000|  0%| F|  |TAMS 0x0000000703600000, 0x0000000703600000| Untracked 
|   5|0x0000000703800000, 0x0000000703800000, 0x0000000703a00000|  0%| F|  |TAMS 0x0000000703800000, 0x0000000703800000| Untracked 
|   6|0x0000000703a00000, 0x0000000703a00000, 0x0000000703c00000|  0%| F|  |TAMS 0x0000000703a00000, 0x0000000703a00000| Untracked 
|   7|0x0000000703c00000, 0x0000000703c00000, 0x0000000703e00000|  0%| F|  |TAMS 0x0000000703c00000, 0x0000000703c00000| Untracked 
|   8|0x0000000703e00000, 0x0000000703e00000, 0x0000000704000000|  0%| F|  |TAMS 0x0000000703e00000, 0x0000000703e00000| Untracked 
|   9|0x0000000704000000, 0x0000000704000000, 0x0000000704200000|  0%| F|  |TAMS 0x0000000704000000, 0x0000000704000000| Untracked 
|  10|0x0000000704200000, 0x0000000704200000, 0x0000000704400000|  0%| F|  |TAMS 0x0000000704200000, 0x0000000704200000| Untracked 
|  11|0x0000000704400000, 0x0000000704400000, 0x0000000704600000|  0%| F|  |TAMS 0x0000000704400000, 0x0000000704400000| Untracked 
|  12|0x0000000704600000, 0x0000000704600000, 0x0000000704800000|  0%| F|  |TAMS 0x0000000704600000, 0x0000000704600000| Untracked 
|  13|0x0000000704800000, 0x0000000704800000, 0x0000000704a00000|  0%| F|  |TAMS 0x0000000704800000, 0x0000000704800000| Untracked 
|  14|0x0000000704a00000, 0x0000000704a00000, 0x0000000704c00000|  0%| F|  |TAMS 0x0000000704a00000, 0x0000000704a00000| Untracked 
|  15|0x0000000704c00000, 0x0000000704c00000, 0x0000000704e00000|  0%| F|  |TAMS 0x0000000704c00000, 0x0000000704c00000| Untracked 
|  16|0x0000000704e00000, 0x0000000704e00000, 0x0000000705000000|  0%| F|  |TAMS 0x0000000704e00000, 0x0000000704e00000| Untracked 
|  17|0x0000000705000000, 0x0000000705000000, 0x0000000705200000|  0%| F|  |TAMS 0x0000000705000000, 0x0000000705000000| Untracked 
|  18|0x0000000705200000, 0x0000000705200000, 0x0000000705400000|  0%| F|  |TAMS 0x0000000705200000, 0x0000000705200000| Untracked 
|  19|0x0000000705400000, 0x0000000705400000, 0x0000000705600000|  0%| F|  |TAMS 0x0000000705400000, 0x0000000705400000| Untracked 
|  20|0x0000000705600000, 0x0000000705600000, 0x0000000705800000|  0%| F|  |TAMS 0x0000000705600000, 0x0000000705600000| Untracked 
|  21|0x0000000705800000, 0x0000000705800000, 0x0000000705a00000|  0%| F|  |TAMS 0x0000000705800000, 0x0000000705800000| Untracked 
|  22|0x0000000705a00000, 0x0000000705a00000, 0x0000000705c00000|  0%| F|  |TAMS 0x0000000705a00000, 0x0000000705a00000| Untracked 
|  23|0x0000000705c00000, 0x0000000705c00000, 0x0000000705e00000|  0%| F|  |TAMS 0x0000000705c00000, 0x0000000705c00000| Untracked 
|  24|0x0000000705e00000, 0x0000000705e00000, 0x0000000706000000|  0%| F|  |TAMS 0x0000000705e00000, 0x0000000705e00000| Untracked 
|  25|0x0000000706000000, 0x0000000706000000, 0x0000000706200000|  0%| F|  |TAMS 0x0000000706000000, 0x0000000706000000| Untracked 
|  26|0x0000000706200000, 0x0000000706200000, 0x0000000706400000|  0%| F|  |TAMS 0x0000000706200000, 0x0000000706200000| Untracked 
|  27|0x0000000706400000, 0x0000000706400000, 0x0000000706600000|  0%| F|  |TAMS 0x0000000706400000, 0x0000000706400000| Untracked 
|  28|0x0000000706600000, 0x0000000706600000, 0x0000000706800000|  0%| F|  |TAMS 0x0000000706600000, 0x0000000706600000| Untracked 
|  29|0x0000000706800000, 0x0000000706800000, 0x0000000706a00000|  0%| F|  |TAMS 0x0000000706800000, 0x0000000706800000| Untracked 
|  30|0x0000000706a00000, 0x0000000706a00000, 0x0000000706c00000|  0%| F|  |TAMS 0x0000000706a00000, 0x0000000706a00000| Untracked 
|  31|0x0000000706c00000, 0x0000000706c00000, 0x0000000706e00000|  0%| F|  |TAMS 0x0000000706c00000, 0x0000000706c00000| Untracked 
|  32|0x0000000706e00000, 0x0000000706e00000, 0x0000000707000000|  0%| F|  |TAMS 0x0000000706e00000, 0x0000000706e00000| Untracked 
|  33|0x0000000707000000, 0x0000000707000000, 0x0000000707200000|  0%| F|  |TAMS 0x0000000707000000, 0x0000000707000000| Untracked 
|  34|0x0000000707200000, 0x0000000707200000, 0x0000000707400000|  0%| F|  |TAMS 0x0000000707200000, 0x0000000707200000| Untracked 
|  35|0x0000000707400000, 0x0000000707400000, 0x0000000707600000|  0%| F|  |TAMS 0x0000000707400000, 0x0000000707400000| Untracked 
|  36|0x0000000707600000, 0x0000000707600000, 0x0000000707800000|  0%| F|  |TAMS 0x0000000707600000, 0x0000000707600000| Untracked 
|  37|0x0000000707800000, 0x0000000707800000, 0x0000000707a00000|  0%| F|  |TAMS 0x0000000707800000, 0x0000000707800000| Untracked 
|  38|0x0000000707a00000, 0x0000000707a00000, 0x0000000707c00000|  0%| F|  |TAMS 0x0000000707a00000, 0x0000000707a00000| Untracked 
|  39|0x0000000707c00000, 0x0000000707c00000, 0x0000000707e00000|  0%| F|  |TAMS 0x0000000707c00000, 0x0000000707c00000| Untracked 
|  40|0x0000000707e00000, 0x0000000707e00000, 0x0000000708000000|  0%| F|  |TAMS 0x0000000707e00000, 0x0000000707e00000| Untracked 
|  41|0x0000000708000000, 0x0000000708000000, 0x0000000708200000|  0%| F|  |TAMS 0x0000000708000000, 0x0000000708000000| Untracked 
|  42|0x0000000708200000, 0x0000000708200000, 0x0000000708400000|  0%| F|  |TAMS 0x0000000708200000, 0x0000000708200000| Untracked 
|  43|0x0000000708400000, 0x0000000708400000, 0x0000000708600000|  0%| F|  |TAMS 0x0000000708400000, 0x0000000708400000| Untracked 
|  44|0x0000000708600000, 0x0000000708600000, 0x0000000708800000|  0%| F|  |TAMS 0x0000000708600000, 0x0000000708600000| Untracked 
|  45|0x0000000708800000, 0x0000000708800000, 0x0000000708a00000|  0%| F|  |TAMS 0x0000000708800000, 0x0000000708800000| Untracked 
|  46|0x0000000708a00000, 0x0000000708a00000, 0x0000000708c00000|  0%| F|  |TAMS 0x0000000708a00000, 0x0000000708a00000| Untracked 
|  47|0x0000000708c00000, 0x0000000708c00000, 0x0000000708e00000|  0%| F|  |TAMS 0x0000000708c00000, 0x0000000708c00000| Untracked 
|  48|0x0000000708e00000, 0x0000000708e00000, 0x0000000709000000|  0%| F|  |TAMS 0x0000000708e00000, 0x0000000708e00000| Untracked 
|  49|0x0000000709000000, 0x0000000709000000, 0x0000000709200000|  0%| F|  |TAMS 0x0000000709000000, 0x0000000709000000| Untracked 
|  50|0x0000000709200000, 0x0000000709200000, 0x0000000709400000|  0%| F|  |TAMS 0x0000000709200000, 0x0000000709200000| Untracked 
|  51|0x0000000709400000, 0x0000000709400000, 0x0000000709600000|  0%| F|  |TAMS 0x0000000709400000, 0x0000000709400000| Untracked 
|  52|0x0000000709600000, 0x0000000709600000, 0x0000000709800000|  0%| F|  |TAMS 0x0000000709600000, 0x0000000709600000| Untracked 
|  53|0x0000000709800000, 0x0000000709800000, 0x0000000709a00000|  0%| F|  |TAMS 0x0000000709800000, 0x0000000709800000| Untracked 
|  54|0x0000000709a00000, 0x0000000709a00000, 0x0000000709c00000|  0%| F|  |TAMS 0x0000000709a00000, 0x0000000709a00000| Untracked 
|  55|0x0000000709c00000, 0x0000000709c00000, 0x0000000709e00000|  0%| F|  |TAMS 0x0000000709c00000, 0x0000000709c00000| Untracked 
|  56|0x0000000709e00000, 0x0000000709e00000, 0x000000070a000000|  0%| F|  |TAMS 0x0000000709e00000, 0x0000000709e00000| Untracked 
|  57|0x000000070a000000, 0x000000070a000000, 0x000000070a200000|  0%| F|  |TAMS 0x000000070a000000, 0x000000070a000000| Untracked 
|  58|0x000000070a200000, 0x000000070a200000, 0x000000070a400000|  0%| F|  |TAMS 0x000000070a200000, 0x000000070a200000| Untracked 
|  59|0x000000070a400000, 0x000000070a400000, 0x000000070a600000|  0%| F|  |TAMS 0x000000070a400000, 0x000000070a400000| Untracked 
|  60|0x000000070a600000, 0x000000070a600000, 0x000000070a800000|  0%| F|  |TAMS 0x000000070a600000, 0x000000070a600000| Untracked 
|  61|0x000000070a800000, 0x000000070a800000, 0x000000070aa00000|  0%| F|  |TAMS 0x000000070a800000, 0x000000070a800000| Untracked 
|  62|0x000000070aa00000, 0x000000070aa00000, 0x000000070ac00000|  0%| F|  |TAMS 0x000000070aa00000, 0x000000070aa00000| Untracked 
|  63|0x000000070ac00000, 0x000000070ac00000, 0x000000070ae00000|  0%| F|  |TAMS 0x000000070ac00000, 0x000000070ac00000| Untracked 
|  64|0x000000070ae00000, 0x000000070ae00000, 0x000000070b000000|  0%| F|  |TAMS 0x000000070ae00000, 0x000000070ae00000| Untracked 
|  65|0x000000070b000000, 0x000000070b000000, 0x000000070b200000|  0%| F|  |TAMS 0x000000070b000000, 0x000000070b000000| Untracked 
|  66|0x000000070b200000, 0x000000070b200000, 0x000000070b400000|  0%| F|  |TAMS 0x000000070b200000, 0x000000070b200000| Untracked 
|  67|0x000000070b400000, 0x000000070b400000, 0x000000070b600000|  0%| F|  |TAMS 0x000000070b400000, 0x000000070b400000| Untracked 
|  68|0x000000070b600000, 0x000000070b600000, 0x000000070b800000|  0%| F|  |TAMS 0x000000070b600000, 0x000000070b600000| Untracked 
|  69|0x000000070b800000, 0x000000070b800000, 0x000000070ba00000|  0%| F|  |TAMS 0x000000070b800000, 0x000000070b800000| Untracked 
|  70|0x000000070ba00000, 0x000000070ba00000, 0x000000070bc00000|  0%| F|  |TAMS 0x000000070ba00000, 0x000000070ba00000| Untracked 
|  71|0x000000070bc00000, 0x000000070bc00000, 0x000000070be00000|  0%| F|  |TAMS 0x000000070bc00000, 0x000000070bc00000| Untracked 
|  72|0x000000070be00000, 0x000000070be00000, 0x000000070c000000|  0%| F|  |TAMS 0x000000070be00000, 0x000000070be00000| Untracked 
|  73|0x000000070c000000, 0x000000070c000000, 0x000000070c200000|  0%| F|  |TAMS 0x000000070c000000, 0x000000070c000000| Untracked 
|  74|0x000000070c200000, 0x000000070c200000, 0x000000070c400000|  0%| F|  |TAMS 0x000000070c200000, 0x000000070c200000| Untracked 
|  75|0x000000070c400000, 0x000000070c400000, 0x000000070c600000|  0%| F|  |TAMS 0x000000070c400000, 0x000000070c400000| Untracked 
|  76|0x000000070c600000, 0x000000070c600000, 0x000000070c800000|  0%| F|  |TAMS 0x000000070c600000, 0x000000070c600000| Untracked 
|  77|0x000000070c800000, 0x000000070c800000, 0x000000070ca00000|  0%| F|  |TAMS 0x000000070c800000, 0x000000070c800000| Untracked 
|  78|0x000000070ca00000, 0x000000070ca00000, 0x000000070cc00000|  0%| F|  |TAMS 0x000000070ca00000, 0x000000070ca00000| Untracked 
|  79|0x000000070cc00000, 0x000000070cc00000, 0x000000070ce00000|  0%| F|  |TAMS 0x000000070cc00000, 0x000000070cc00000| Untracked 
|  80|0x000000070ce00000, 0x000000070ce00000, 0x000000070d000000|  0%| F|  |TAMS 0x000000070ce00000, 0x000000070ce00000| Untracked 
|  81|0x000000070d000000, 0x000000070d000000, 0x000000070d200000|  0%| F|  |TAMS 0x000000070d000000, 0x000000070d000000| Untracked 
|  82|0x000000070d200000, 0x000000070d200000, 0x000000070d400000|  0%| F|  |TAMS 0x000000070d200000, 0x000000070d200000| Untracked 
|  83|0x000000070d400000, 0x000000070d400000, 0x000000070d600000|  0%| F|  |TAMS 0x000000070d400000, 0x000000070d400000| Untracked 
|  84|0x000000070d600000, 0x000000070d600000, 0x000000070d800000|  0%| F|  |TAMS 0x000000070d600000, 0x000000070d600000| Untracked 
|  85|0x000000070d800000, 0x000000070d800000, 0x000000070da00000|  0%| F|  |TAMS 0x000000070d800000, 0x000000070d800000| Untracked 
|  86|0x000000070da00000, 0x000000070da00000, 0x000000070dc00000|  0%| F|  |TAMS 0x000000070da00000, 0x000000070da00000| Untracked 
|  87|0x000000070dc00000, 0x000000070dc00000, 0x000000070de00000|  0%| F|  |TAMS 0x000000070dc00000, 0x000000070dc00000| Untracked 
|  88|0x000000070de00000, 0x000000070de00000, 0x000000070e000000|  0%| F|  |TAMS 0x000000070de00000, 0x000000070de00000| Untracked 
|  89|0x000000070e000000, 0x000000070e000000, 0x000000070e200000|  0%| F|  |TAMS 0x000000070e000000, 0x000000070e000000| Untracked 
|  90|0x000000070e200000, 0x000000070e200000, 0x000000070e400000|  0%| F|  |TAMS 0x000000070e200000, 0x000000070e200000| Untracked 
|  91|0x000000070e400000, 0x000000070e400000, 0x000000070e600000|  0%| F|  |TAMS 0x000000070e400000, 0x000000070e400000| Untracked 
|  92|0x000000070e600000, 0x000000070e600000, 0x000000070e800000|  0%| F|  |TAMS 0x000000070e600000, 0x000000070e600000| Untracked 
|  93|0x000000070e800000, 0x000000070e901248, 0x000000070ea00000| 50%| E|  |TAMS 0x000000070e800000, 0x000000070e800000| Complete 
|  94|0x000000070ea00000, 0x000000070ec00000, 0x000000070ec00000|100%| E|CS|TAMS 0x000000070ea00000, 0x000000070ea00000| Complete 
|  95|0x000000070ec00000, 0x000000070ee00000, 0x000000070ee00000|100%| E|CS|TAMS 0x000000070ec00000, 0x000000070ec00000| Complete 
|  96|0x000000070ee00000, 0x000000070f000000, 0x000000070f000000|100%| E|CS|TAMS 0x000000070ee00000, 0x000000070ee00000| Complete 
|  97|0x000000070f000000, 0x000000070f200000, 0x000000070f200000|100%| E|CS|TAMS 0x000000070f000000, 0x000000070f000000| Complete 
|  98|0x000000070f200000, 0x000000070f400000, 0x000000070f400000|100%| E|CS|TAMS 0x000000070f200000, 0x000000070f200000| Complete 
|  99|0x000000070f400000, 0x000000070f600000, 0x000000070f600000|100%| E|CS|TAMS 0x000000070f400000, 0x000000070f400000| Complete 
| 100|0x000000070f600000, 0x000000070f800000, 0x000000070f800000|100%| E|CS|TAMS 0x000000070f600000, 0x000000070f600000| Complete 
| 101|0x000000070f800000, 0x000000070fa00000, 0x000000070fa00000|100%| E|CS|TAMS 0x000000070f800000, 0x000000070f800000| Complete 
| 102|0x000000070fa00000, 0x000000070fc00000, 0x000000070fc00000|100%| E|CS|TAMS 0x000000070fa00000, 0x000000070fa00000| Complete 
| 103|0x000000070fc00000, 0x000000070fe00000, 0x000000070fe00000|100%| E|CS|TAMS 0x000000070fc00000, 0x000000070fc00000| Complete 
| 104|0x000000070fe00000, 0x0000000710000000, 0x0000000710000000|100%| E|CS|TAMS 0x000000070fe00000, 0x000000070fe00000| Complete 
| 105|0x0000000710000000, 0x0000000710200000, 0x0000000710200000|100%| E|CS|TAMS 0x0000000710000000, 0x0000000710000000| Complete 
| 106|0x0000000710200000, 0x0000000710400000, 0x0000000710400000|100%| E|CS|TAMS 0x0000000710200000, 0x0000000710200000| Complete 
| 107|0x0000000710400000, 0x0000000710600000, 0x0000000710600000|100%| E|CS|TAMS 0x0000000710400000, 0x0000000710400000| Complete 
| 108|0x0000000710600000, 0x0000000710800000, 0x0000000710800000|100%| E|CS|TAMS 0x0000000710600000, 0x0000000710600000| Complete 
| 109|0x0000000710800000, 0x0000000710a00000, 0x0000000710a00000|100%| E|CS|TAMS 0x0000000710800000, 0x0000000710800000| Complete 
| 110|0x0000000710a00000, 0x0000000710c00000, 0x0000000710c00000|100%| E|CS|TAMS 0x0000000710a00000, 0x0000000710a00000| Complete 
| 111|0x0000000710c00000, 0x0000000710e00000, 0x0000000710e00000|100%| E|CS|TAMS 0x0000000710c00000, 0x0000000710c00000| Complete 
| 112|0x0000000710e00000, 0x0000000710f5a168, 0x0000000711000000| 67%| S|CS|TAMS 0x0000000710e00000, 0x0000000710e00000| Complete 
| 113|0x0000000711000000, 0x0000000711200000, 0x0000000711200000|100%| E|CS|TAMS 0x0000000711000000, 0x0000000711000000| Complete 
| 114|0x0000000711200000, 0x0000000711400000, 0x0000000711400000|100%| E|CS|TAMS 0x0000000711200000, 0x0000000711200000| Complete 
| 115|0x0000000711400000, 0x0000000711600000, 0x0000000711600000|100%| E|CS|TAMS 0x0000000711400000, 0x0000000711400000| Complete 
| 116|0x0000000711600000, 0x0000000711800000, 0x0000000711800000|100%| E|CS|TAMS 0x0000000711600000, 0x0000000711600000| Complete 
| 117|0x0000000711800000, 0x0000000711a00000, 0x0000000711a00000|100%| E|CS|TAMS 0x0000000711800000, 0x0000000711800000| Complete 
| 118|0x0000000711a00000, 0x0000000711c00000, 0x0000000711c00000|100%| E|CS|TAMS 0x0000000711a00000, 0x0000000711a00000| Complete 
| 119|0x0000000711c00000, 0x0000000711e00000, 0x0000000711e00000|100%| E|CS|TAMS 0x0000000711c00000, 0x0000000711c00000| Complete 
| 120|0x0000000711e00000, 0x0000000712000000, 0x0000000712000000|100%| E|CS|TAMS 0x0000000711e00000, 0x0000000711e00000| Complete 
| 121|0x0000000712000000, 0x0000000712200000, 0x0000000712200000|100%| E|CS|TAMS 0x0000000712000000, 0x0000000712000000| Complete 
| 122|0x0000000712200000, 0x0000000712400000, 0x0000000712400000|100%| E|CS|TAMS 0x0000000712200000, 0x0000000712200000| Complete 
| 123|0x0000000712400000, 0x0000000712600000, 0x0000000712600000|100%| E|CS|TAMS 0x0000000712400000, 0x0000000712400000| Complete 
| 124|0x0000000712600000, 0x0000000712800000, 0x0000000712800000|100%| E|  |TAMS 0x0000000712600000, 0x0000000712600000| Complete 
| 125|0x0000000712800000, 0x0000000712a00000, 0x0000000712a00000|100%| E|CS|TAMS 0x0000000712800000, 0x0000000712800000| Complete 
| 126|0x0000000712a00000, 0x0000000712c00000, 0x0000000712c00000|100%| E|CS|TAMS 0x0000000712a00000, 0x0000000712a00000| Complete 

Card table byte_map: [0x0000019c21630000,0x0000019c21e20000] _byte_map_base: 0x0000019c1de19000

Marking Bits (Prev, Next): (CMBitMap*) 0x0000019c0a0092f0, (CMBitMap*) 0x0000019c0a009330
 Prev Bits: [0x0000019c22610000, 0x0000019c26558000)
 Next Bits: [0x0000019c26560000, 0x0000019c2a4a8000)

Polling page: 0x0000019c08110000

Metaspace:

Usage:
  Non-class:     18.04 MB used.
      Class:      2.51 MB used.
       Both:     20.56 MB used.

Virtual space:
  Non-class space:       24.00 MB reserved,      18.19 MB ( 76%) committed,  3 nodes.
      Class space:        1.00 GB reserved,       2.62 MB ( <1%) committed,  1 nodes.
             Both:        1.02 GB reserved,      20.81 MB (  2%) committed. 

Chunk freelists:
   Non-Class:  1.03 MB
       Class:  1.22 MB
        Both:  2.25 MB

MaxMetaspaceSize: unlimited
CompressedClassSpaceSize: 1.00 GB
Initial GC threshold: 21.00 MB
Current GC threshold: 21.00 MB
CDS: on
MetaspaceReclaimPolicy: balanced
 - commit_granule_bytes: 65536.
 - commit_granule_words: 8192.
 - virtual_space_node_default_size: 1048576.
 - enlarge_chunks_in_place: 1.
 - new_chunks_are_fully_committed: 0.
 - uncommit_free_chunks: 1.
 - use_allocation_guard: 0.
 - handle_deallocations: 1.


Internal statistics:

num_allocs_failed_limit: 0.
num_arena_births: 196.
num_arena_deaths: 0.
num_vsnodes_births: 4.
num_vsnodes_deaths: 0.
num_space_committed: 333.
num_space_uncommitted: 0.
num_chunks_returned_to_freelist: 0.
num_chunks_taken_from_freelist: 928.
num_chunk_merges: 0.
num_chunk_splits: 652.
num_chunks_enlarged: 521.
num_purges: 0.
num_inconsistent_stats: 0.

CodeHeap 'non-profiled nmethods': size=120000Kb used=1479Kb max_used=1479Kb free=118520Kb
 bounds [0x0000019c195e0000, 0x0000019c19850000, 0x0000019c20b10000]
CodeHeap 'profiled nmethods': size=120000Kb used=6962Kb max_used=6962Kb free=113037Kb
 bounds [0x0000019c11b10000, 0x0000019c121e0000, 0x0000019c19040000]
CodeHeap 'non-nmethods': size=5760Kb used=1249Kb max_used=1319Kb free=4511Kb
 bounds [0x0000019c19040000, 0x0000019c192b0000, 0x0000019c195e0000]
 total_blobs=3518 nmethods=3050 adapters=379
 compilation: enabled
              stopped_count=0, restarted_count=0
 full_count=0

Compilation events (20 events):
Event: 3.070 Thread 0x0000019c2d9197d0 3032       3       org.springframework.beans.factory.support.RootBeanDefinition::setParentName (15 bytes)
Event: 3.071 Thread 0x0000019c2d9197d0 nmethod 3032 0x0000019c121c1810 code [0x0000019c121c19c0, 0x0000019c121c1be8]
Event: 3.071 Thread 0x0000019c2d9197d0 3034       3       org.springframework.beans.factory.support.AbstractBeanFactory::getMergedBeanDefinition (8 bytes)
Event: 3.071 Thread 0x0000019c2d9197d0 nmethod 3034 0x0000019c121c1d10 code [0x0000019c121c1ec0, 0x0000019c121c20a8]
Event: 3.071 Thread 0x0000019c2d9197d0 3035   !   3       org.springframework.beans.factory.support.AbstractBeanFactory::getMergedBeanDefinition (371 bytes)
Event: 3.075 Thread 0x0000019c2d9197d0 nmethod 3035 0x0000019c121c2190 code [0x0000019c121c2720, 0x0000019c121c61d8]
Event: 3.075 Thread 0x0000019c2d9197d0 3033       3       java.util.LinkedHashMap$LinkedKeySet::toArray (16 bytes)
Event: 3.075 Thread 0x0000019c2d9197d0 nmethod 3033 0x0000019c121c7990 code [0x0000019c121c7b40, 0x0000019c121c7cd8]
Event: 3.075 Thread 0x0000019c2d9197d0 3037       1       java.beans.PropertyEditorSupport::setSource (6 bytes)
Event: 3.075 Thread 0x0000019c2d9197d0 nmethod 3037 0x0000019c19750290 code [0x0000019c19750420, 0x0000019c19750538]
Event: 3.075 Thread 0x0000019c2d9197d0 3036       1       java.util.ArrayList$ArrayListSpliterator::characteristics (4 bytes)
Event: 3.075 Thread 0x0000019c2d9197d0 nmethod 3036 0x0000019c19750590 code [0x0000019c19750720, 0x0000019c197507f8]
Event: 3.076 Thread 0x0000019c2d9197d0 3038       1       org.springframework.boot.autoconfigure.SharedMetadataReaderFactoryContextInitializer$SharedMetadataReaderFactoryBean::getObjectType (3 bytes)
Event: 3.076 Thread 0x0000019c2d9197d0 nmethod 3038 0x0000019c19750890 code [0x0000019c19750a20, 0x0000019c19750af8]
Event: 3.077 Thread 0x0000019c2d9197d0 3039   !   3       org.springframework.beans.factory.support.DefaultSingletonBeanRegistry::getSingleton (147 bytes)
Event: 3.077 Thread 0x0000019c2d9197d0 nmethod 3039 0x0000019c121c7e10 code [0x0000019c121c8080, 0x0000019c121c8ee8]
Event: 3.077 Thread 0x0000019c2d9197d0 3040       2       org.springframework.beans.factory.support.DefaultSingletonBeanRegistry::isSingletonCurrentlyInCreation (11 bytes)
Event: 3.078 Thread 0x0000019c2d9197d0 nmethod 3040 0x0000019c121c9490 code [0x0000019c121c9620, 0x0000019c121c9768]
Event: 3.078 Thread 0x0000019c2d9197d0 3041       3       java.util.TimSort::sort (229 bytes)
Event: 3.079 Thread 0x0000019c2d9197d0 nmethod 3041 0x0000019c121c9810 code [0x0000019c121c9a60, 0x0000019c121ca1b8]

GC Heap History (4 events):
Event: 0.889 GC heap before
{Heap before GC invocations=0 (full 0):
 garbage-first heap   total 260096K, used 22528K [0x0000000702e00000, 0x0000000800000000)
  region size 2048K, 11 young (22528K), 0 survivors (0K)
 Metaspace       used 5432K, committed 5632K, reserved 1056768K
  class space    used 625K, committed 704K, reserved 1048576K
}
Event: 0.894 GC heap after
{Heap after GC invocations=1 (full 0):
 garbage-first heap   total 260096K, used 6329K [0x0000000702e00000, 0x0000000800000000)
  region size 2048K, 2 young (4096K), 2 survivors (4096K)
 Metaspace       used 5432K, committed 5632K, reserved 1056768K
  class space    used 625K, committed 704K, reserved 1048576K
}
Event: 1.418 GC heap before
{Heap before GC invocations=1 (full 0):
 garbage-first heap   total 260096K, used 28857K [0x0000000702e00000, 0x0000000800000000)
  region size 2048K, 14 young (28672K), 2 survivors (4096K)
 Metaspace       used 11688K, committed 11904K, reserved 1064960K
  class space    used 1388K, committed 1472K, reserved 1048576K
}
Event: 1.428 GC heap after
{Heap after GC invocations=2 (full 0):
 garbage-first heap   total 260096K, used 8024K [0x0000000702e00000, 0x0000000800000000)
  region size 2048K, 1 young (2048K), 1 survivors (2048K)
 Metaspace       used 11688K, committed 11904K, reserved 1064960K
  class space    used 1388K, committed 1472K, reserved 1048576K
}

Dll operation events (9 events):
Event: 0.008 Loaded shared library C:\Users\Dell service\.jdks\azul-17.0.6\bin\java.dll
Event: 0.034 Loaded shared library C:\Users\Dell service\.jdks\azul-17.0.6\bin\jsvml.dll
Event: 0.171 Loaded shared library C:\Users\Dell service\.jdks\azul-17.0.6\bin\net.dll
Event: 0.172 Loaded shared library C:\Users\Dell service\.jdks\azul-17.0.6\bin\nio.dll
Event: 0.176 Loaded shared library C:\Users\Dell service\.jdks\azul-17.0.6\bin\zip.dll
Event: 0.336 Loaded shared library C:\Users\Dell service\.jdks\azul-17.0.6\bin\verify.dll
Event: 0.347 Loaded shared library C:\Users\Dell service\.jdks\azul-17.0.6\bin\jimage.dll
Event: 1.074 Loaded shared library C:\Users\Dell service\.jdks\azul-17.0.6\bin\management.dll
Event: 1.076 Loaded shared library C:\Users\Dell service\.jdks\azul-17.0.6\bin\management_ext.dll

Deoptimization events (20 events):
Event: 3.072 Thread 0x0000019c09f9e1d0 DEOPT PACKING pc=0x0000019c11ca0d3c sp=0x00000009c17fd940
Event: 3.072 Thread 0x0000019c09f9e1d0 DEOPT UNPACKING pc=0x0000019c19097143 sp=0x00000009c17fce30 mode 1
Event: 3.076 Thread 0x0000019c09f9e1d0 Uncommon trap: trap_request=0xffffff45 fr.pc=0x0000019c197192c4 relative=0x0000000000000be4
Event: 3.076 Thread 0x0000019c09f9e1d0 Uncommon trap: reason=unstable_if action=reinterpret pc=0x0000019c197192c4 method=org.springframework.beans.factory.support.DefaultSingletonBeanRegistry.getSingleton(Ljava/lang/String;Z)Ljava/lang/Object; @ 20 c2
Event: 3.076 Thread 0x0000019c09f9e1d0 DEOPT PACKING pc=0x0000019c197192c4 sp=0x00000009c17fd690
Event: 3.076 Thread 0x0000019c09f9e1d0 DEOPT UNPACKING pc=0x0000019c190969a3 sp=0x00000009c17fd678 mode 2
Event: 3.078 Thread 0x0000019c09f9e1d0 DEOPT PACKING pc=0x0000019c11c2d274 sp=0x00000009c17fcee0
Event: 3.078 Thread 0x0000019c09f9e1d0 DEOPT UNPACKING pc=0x0000019c19097143 sp=0x00000009c17fc378 mode 1
Event: 3.078 Thread 0x0000019c09f9e1d0 DEOPT PACKING pc=0x0000019c11c2a65c sp=0x00000009c17fcfb0
Event: 3.078 Thread 0x0000019c09f9e1d0 DEOPT UNPACKING pc=0x0000019c19097143 sp=0x00000009c17fc468 mode 1
Event: 3.078 Thread 0x0000019c09f9e1d0 DEOPT PACKING pc=0x0000019c11ca0d3c sp=0x00000009c17fd990
Event: 3.078 Thread 0x0000019c09f9e1d0 DEOPT UNPACKING pc=0x0000019c19097143 sp=0x00000009c17fce68 mode 1
Event: 3.078 Thread 0x0000019c09f9e1d0 DEOPT PACKING pc=0x0000019c11f2d06c sp=0x00000009c17fda30
Event: 3.078 Thread 0x0000019c09f9e1d0 DEOPT UNPACKING pc=0x0000019c19097143 sp=0x00000009c17fcf98 mode 1
Event: 3.078 Thread 0x0000019c09f9e1d0 DEOPT PACKING pc=0x0000019c11c2d274 sp=0x00000009c17fcf60
Event: 3.078 Thread 0x0000019c09f9e1d0 DEOPT UNPACKING pc=0x0000019c19097143 sp=0x00000009c17fc3f8 mode 1
Event: 3.078 Thread 0x0000019c09f9e1d0 DEOPT PACKING pc=0x0000019c11c2a65c sp=0x00000009c17fd030
Event: 3.078 Thread 0x0000019c09f9e1d0 DEOPT UNPACKING pc=0x0000019c19097143 sp=0x00000009c17fc4e8 mode 1
Event: 3.078 Thread 0x0000019c09f9e1d0 DEOPT PACKING pc=0x0000019c11ca0d3c sp=0x00000009c17fda10
Event: 3.078 Thread 0x0000019c09f9e1d0 DEOPT UNPACKING pc=0x0000019c19097143 sp=0x00000009c17fcf00 mode 1

Classes unloaded (0 events):
No events

Classes redefined (0 events):
No events

Internal exceptions (20 events):
Event: 1.540 Thread 0x0000019c09f9e1d0 Exception <a 'java/lang/ClassNotFoundException'{0x00000007125a72a8}: org/springframework/beans/factory/AwareCustomizer> (0x00000007125a72a8) 
thrown [s\src\hotspot\share\classfile\systemDictionary.cpp, line 259]
Event: 1.541 Thread 0x0000019c09f9e1d0 Exception <a 'java/lang/ClassNotFoundException'{0x00000007125ab8a8}: org/springframework/beans/factory/BeanClassLoaderAwareCustomizer> (0x00000007125ab8a8) 
thrown [s\src\hotspot\share\classfile\systemDictionary.cpp, line 259]
Event: 1.541 Thread 0x0000019c09f9e1d0 Exception <a 'java/lang/ClassNotFoundException'{0x00000007125b0e30}: org/springframework/beans/factory/AwareCustomizer> (0x00000007125b0e30) 
thrown [s\src\hotspot\share\classfile\systemDictionary.cpp, line 259]
Event: 1.542 Thread 0x0000019c09f9e1d0 Exception <a 'java/lang/ClassNotFoundException'{0x00000007125b5160}: org/springframework/context/EnvironmentAwareCustomizer> (0x00000007125b5160) 
thrown [s\src\hotspot\share\classfile\systemDictionary.cpp, line 259]
Event: 1.542 Thread 0x0000019c09f9e1d0 Exception <a 'java/lang/ClassNotFoundException'{0x00000007125ba680}: org/springframework/beans/factory/AwareCustomizer> (0x00000007125ba680) 
thrown [s\src\hotspot\share\classfile\systemDictionary.cpp, line 259]
Event: 1.581 Thread 0x0000019c09f9e1d0 Exception <a 'java/lang/NoSuchMethodError'{0x000000071209fea8}: 'java.lang.Object java.lang.invoke.DirectMethodHandle$Holder.invokeVirtual(java.lang.Object, java.lang.Object, java.lang.Object)'> (0x000000071209fea8) 
thrown [s\src\hotspot\share\interpreter\linkResolver.cpp, line 759]
Event: 1.583 Thread 0x0000019c2e9c23e0 Exception <a 'java/lang/NoSuchMethodError'{0x00000007123ef2b8}: 'long java.lang.invoke.DirectMethodHandle$Holder.invokeSpecial(java.lang.Object, java.lang.Object)'> (0x00000007123ef2b8) 
thrown [s\src\hotspot\share\interpreter\linkResolver.cpp, line 759]
Event: 1.586 Thread 0x0000019c2e9c23e0 Exception <a 'java/lang/NoSuchMethodError'{0x0000000712102420}: 'long java.lang.invoke.DirectMethodHandle$Holder.invokeStatic(java.lang.Object, java.lang.Object)'> (0x0000000712102420) 
thrown [s\src\hotspot\share\interpreter\linkResolver.cpp, line 759]
Event: 1.587 Thread 0x0000019c2e9c23e0 Exception <a 'java/lang/NoSuchMethodError'{0x0000000712105a20}: 'long java.lang.invoke.DirectMethodHandle$Holder.invokeStaticInit(java.lang.Object, java.lang.Object)'> (0x0000000712105a20) 
thrown [s\src\hotspot\share\interpreter\linkResolver.cpp, line 759]
Event: 1.591 Thread 0x0000019c2e9c23e0 Exception <a 'java/lang/NoSuchMethodError'{0x00000007121135c8}: 'long java.lang.invoke.DirectMethodHandle$Holder.invokeInterface(java.lang.Object, java.lang.Object)'> (0x00000007121135c8) 
thrown [s\src\hotspot\share\interpreter\linkResolver.cpp, line 759]
Event: 1.592 Thread 0x0000019c2e9c23e0 Exception <a 'java/lang/IncompatibleClassChangeError'{0x0000000712116b58}: Found class java.lang.Object, but interface was expected> (0x0000000712116b58) 
thrown [s\src\hotspot\share\interpreter\linkResolver.cpp, line 826]
Event: 1.611 Thread 0x0000019c2e9c23e0 Exception <a 'java/lang/NoSuchMethodError'{0x0000000712185400}: 'java.lang.Object java.lang.invoke.DirectMethodHandle$Holder.invokeVirtual(java.lang.Object, java.lang.Object, java.lang.Object, java.lang.Object)'> (0x0000000712185400) 
thrown [s\src\hotspot\share\interpreter\linkResolver.cpp, line 759]
Event: 1.801 Thread 0x0000019c09f9e1d0 Exception <a 'java/lang/IncompatibleClassChangeError'{0x00000007117b1e98}: Found class java.lang.Object, but interface was expected> (0x00000007117b1e98) 
thrown [s\src\hotspot\share\interpreter\linkResolver.cpp, line 826]
Event: 1.836 Thread 0x0000019c09f9e1d0 Exception <a 'java/lang/NoSuchMethodError'{0x0000000711517c48}: 'void java.lang.invoke.DirectMethodHandle$Holder.invokeInterface(java.lang.Object, java.lang.Object, java.lang.Object, java.lang.Object)'> (0x0000000711517c48) 
thrown [s\src\hotspot\share\interpreter\linkResolver.cpp, line 759]
Event: 2.618 Thread 0x0000019c09f9e1d0 Exception <a 'java/lang/NoSuchMethodError'{0x000000070f87cb90}: 'java.lang.Object java.lang.invoke.DirectMethodHandle$Holder.invokeStatic(java.lang.Object, java.lang.Object, java.lang.Object, java.lang.Object, int)'> (0x000000070f87cb90) 
thrown [s\src\hotspot\share\interpreter\linkResolver.cpp, line 759]
Event: 2.992 Thread 0x0000019c09f9e1d0 Exception <a 'java/lang/NoClassDefFoundError'{0x000000070ed24118}: liquibase/integration/spring/SpringLiquibase> (0x000000070ed24118) 
thrown [s\src\hotspot\share\classfile\systemDictionary.cpp, line 248]
Event: 3.003 Thread 0x0000019c09f9e1d0 Exception <a 'java/lang/NoClassDefFoundError'{0x000000070ed6fc38}: org/springframework/batch/core/repository/JobRepository> (0x000000070ed6fc38) 
thrown [s\src\hotspot\share\classfile\systemDictionary.cpp, line 248]
Event: 3.004 Thread 0x0000019c09f9e1d0 Exception <a 'java/lang/NoClassDefFoundError'{0x000000070ed715b8}: org/quartz/Scheduler> (0x000000070ed715b8) 
thrown [s\src\hotspot\share\classfile\systemDictionary.cpp, line 248]
Event: 3.004 Thread 0x0000019c09f9e1d0 Exception <a 'java/lang/NoClassDefFoundError'{0x000000070ed733c8}: org/springframework/session/jdbc/JdbcIndexedSessionRepository> (0x000000070ed733c8) 
thrown [s\src\hotspot\share\classfile\systemDictionary.cpp, line 248]
Event: 3.054 Thread 0x0000019c09f9e1d0 Exception <a 'java/lang/NoClassDefFoundError'{0x000000070eb12cf0}: org/jooq/DSLContext> (0x000000070eb12cf0) 
thrown [s\src\hotspot\share\classfile\systemDictionary.cpp, line 248]

VM Operations (20 events):
Event: 1.566 Executing VM operation: HandshakeAllThreads
Event: 1.566 Executing VM operation: HandshakeAllThreads done
Event: 1.923 Executing VM operation: ICBufferFull
Event: 1.923 Executing VM operation: ICBufferFull done
Event: 2.178 Executing VM operation: HandshakeAllThreads
Event: 2.178 Executing VM operation: HandshakeAllThreads done
Event: 2.436 Executing VM operation: ICBufferFull
Event: 2.436 Executing VM operation: ICBufferFull done
Event: 2.583 Executing VM operation: HandshakeAllThreads
Event: 2.583 Executing VM operation: HandshakeAllThreads done
Event: 2.611 Executing VM operation: HandshakeAllThreads
Event: 2.611 Executing VM operation: HandshakeAllThreads done
Event: 2.712 Executing VM operation: HandshakeAllThreads
Event: 2.713 Executing VM operation: HandshakeAllThreads done
Event: 2.792 Executing VM operation: ICBufferFull
Event: 2.793 Executing VM operation: ICBufferFull done
Event: 2.902 Executing VM operation: HandshakeAllThreads
Event: 2.902 Executing VM operation: HandshakeAllThreads done
Event: 3.076 Executing VM operation: HandshakeAllThreads
Event: 3.076 Executing VM operation: HandshakeAllThreads done

Events (20 events):
Event: 2.898 loading class java/util/concurrent/ExecutionException
Event: 2.898 loading class java/util/concurrent/ExecutionException done
Event: 2.898 loading class java/util/concurrent/FutureTask
Event: 2.899 loading class java/util/concurrent/RunnableFuture
Event: 2.899 loading class java/util/concurrent/RunnableFuture done
Event: 2.899 loading class java/util/concurrent/FutureTask done
Event: 2.899 loading class java/util/concurrent/FutureTask$WaitNode
Event: 2.899 loading class java/util/concurrent/FutureTask$WaitNode done
Event: 2.959 loading class java/util/DualPivotQuicksort
Event: 2.959 loading class java/util/DualPivotQuicksort done
Event: 2.960 loading class java/util/LinkedList$ListItr
Event: 2.960 loading class java/util/LinkedList$ListItr done
Event: 2.964 loading class jdk/internal/reflect/UnsafeStaticObjectFieldAccessorImpl
Event: 2.964 loading class jdk/internal/reflect/UnsafeStaticObjectFieldAccessorImpl done
Event: 2.989 loading class sun/reflect/generics/tree/BooleanSignature
Event: 2.989 loading class sun/reflect/generics/tree/BooleanSignature done
Event: 3.072 loading class javax/xml/ws$WebServiceRef
Event: 3.072 loading class javax/xml/ws$WebServiceRef done
Event: 3.073 loading class javax/naming/NameNotFoundException
Event: 3.073 loading class javax/naming/NameNotFoundException done


Dynamic libraries:
0x00007ff61df20000 - 0x00007ff61df2e000 	C:\Users\Dell service\.jdks\azul-17.0.6\bin\java.exe
0x00007ffece1b0000 - 0x00007ffece3c4000 	C:\WINDOWS\SYSTEM32\ntdll.dll
0x00007ffecd340000 - 0x00007ffecd402000 	C:\WINDOWS\System32\KERNEL32.DLL
0x00007ffecb710000 - 0x00007ffecbaac000 	C:\WINDOWS\System32\KERNELBASE.dll
0x00007ffecb5f0000 - 0x00007ffecb701000 	C:\WINDOWS\System32\ucrtbase.dll
0x00007ffea2ca0000 - 0x00007ffea2cbb000 	C:\Users\Dell service\.jdks\azul-17.0.6\bin\VCRUNTIME140.dll
0x00007ffea4550000 - 0x00007ffea4568000 	C:\Users\Dell service\.jdks\azul-17.0.6\bin\jli.dll
0x00007ffecde70000 - 0x00007ffece01b000 	C:\WINDOWS\System32\USER32.dll
0x00007ffeb33d0000 - 0x00007ffeb365e000 	C:\WINDOWS\WinSxS\amd64_microsoft.windows.common-controls_6595b64144ccf1df_6.0.22621.608_none_a9444ca7c10bb01d\COMCTL32.dll
0x00007ffecbe80000 - 0x00007ffecbea6000 	C:\WINDOWS\System32\win32u.dll
0x00007ffecd1c0000 - 0x00007ffecd267000 	C:\WINDOWS\System32\msvcrt.dll
0x00007ffecc660000 - 0x00007ffecc689000 	C:\WINDOWS\System32\GDI32.dll
0x00007ffecbca0000 - 0x00007ffecbdb3000 	C:\WINDOWS\System32\gdi32full.dll
0x00007ffecbf20000 - 0x00007ffecbfba000 	C:\WINDOWS\System32\msvcp_win.dll
0x00007ffece120000 - 0x00007ffece151000 	C:\WINDOWS\System32\IMM32.DLL
0x00007ffeae770000 - 0x00007ffeae77c000 	C:\Users\Dell service\.jdks\azul-17.0.6\bin\vcruntime140_1.dll
0x00007ffe6c5f0000 - 0x00007ffe6c67d000 	C:\Users\Dell service\.jdks\azul-17.0.6\bin\msvcp140.dll
0x00007ffe6ac60000 - 0x00007ffe6b8c5000 	C:\Users\Dell service\.jdks\azul-17.0.6\bin\server\jvm.dll
0x00007ffecc5a0000 - 0x00007ffecc64e000 	C:\WINDOWS\System32\ADVAPI32.dll
0x00007ffecdd30000 - 0x00007ffecddd4000 	C:\WINDOWS\System32\sechost.dll
0x00007ffecd640000 - 0x00007ffecd757000 	C:\WINDOWS\System32\RPCRT4.dll
0x00007ffeae630000 - 0x00007ffeae639000 	C:\WINDOWS\SYSTEM32\WSOCK32.dll
0x00007ffec33a0000 - 0x00007ffec33aa000 	C:\WINDOWS\SYSTEM32\VERSION.dll
0x00007ffecbfc0000 - 0x00007ffecc031000 	C:\WINDOWS\System32\WS2_32.dll
0x00007ffec4d00000 - 0x00007ffec4d34000 	C:\WINDOWS\SYSTEM32\WINMM.dll
0x00007ffeca6f0000 - 0x00007ffeca708000 	C:\WINDOWS\SYSTEM32\kernel.appcore.dll
0x00007ffeadff0000 - 0x00007ffeadffa000 	C:\Users\Dell service\.jdks\azul-17.0.6\bin\jimage.dll
0x00007ffec8ee0000 - 0x00007ffec910e000 	C:\WINDOWS\SYSTEM32\DBGHELP.DLL
0x00007ffecd9a0000 - 0x00007ffecdd29000 	C:\WINDOWS\System32\combase.dll
0x00007ffecc4c0000 - 0x00007ffecc597000 	C:\WINDOWS\System32\OLEAUT32.dll
0x00007ffebca40000 - 0x00007ffebca72000 	C:\WINDOWS\SYSTEM32\dbgcore.DLL
0x00007ffecbc20000 - 0x00007ffecbc9b000 	C:\WINDOWS\System32\bcryptPrimitives.dll
0x00007ffec46a0000 - 0x00007ffec46db000 	C:\Users\Dell service\.jdks\azul-17.0.6\bin\jdwp.dll
0x00007ffe9d2b0000 - 0x00007ffe9d2d5000 	C:\Users\Dell service\.jdks\azul-17.0.6\bin\java.dll
0x00007ffe6ab80000 - 0x00007ffe6ac57000 	C:\Users\Dell service\.jdks\azul-17.0.6\bin\jsvml.dll
0x00007ffecc690000 - 0x00007ffecce80000 	C:\WINDOWS\System32\SHELL32.dll
0x00007ffec95c0000 - 0x00007ffec9e8d000 	C:\WINDOWS\SYSTEM32\windows.storage.dll
0x00007ffec9480000 - 0x00007ffec95be000 	C:\WINDOWS\SYSTEM32\wintypes.dll
0x00007ffecd540000 - 0x00007ffecd631000 	C:\WINDOWS\System32\SHCORE.dll
0x00007ffecd160000 - 0x00007ffecd1be000 	C:\WINDOWS\System32\shlwapi.dll
0x00007ffecb520000 - 0x00007ffecb541000 	C:\WINDOWS\SYSTEM32\profapi.dll
0x00007ffec71d0000 - 0x00007ffec71dc000 	C:\Users\Dell service\.jdks\azul-17.0.6\bin\dt_socket.dll
0x00007ffeca150000 - 0x00007ffeca17d000 	C:\WINDOWS\SYSTEM32\IPHLPAPI.DLL
0x00007ffecab60000 - 0x00007ffecabc9000 	C:\WINDOWS\system32\mswsock.dll
0x00007ffe8dbb0000 - 0x00007ffe8dbc9000 	C:\Users\Dell service\.jdks\azul-17.0.6\bin\net.dll
0x00007ffec49f0000 - 0x00007ffec4b27000 	C:\WINDOWS\SYSTEM32\WINHTTP.dll
0x00007ffe8ca80000 - 0x00007ffe8ca96000 	C:\Users\Dell service\.jdks\azul-17.0.6\bin\nio.dll
0x00007ffe8ab70000 - 0x00007ffe8ab88000 	C:\Users\Dell service\.jdks\azul-17.0.6\bin\zip.dll
0x00007ffeadb20000 - 0x00007ffeadb30000 	C:\Users\Dell service\.jdks\azul-17.0.6\bin\verify.dll
0x00007ffec4920000 - 0x00007ffec4929000 	C:\Users\Dell service\.jdks\azul-17.0.6\bin\management.dll
0x00007ffec4900000 - 0x00007ffec490b000 	C:\Users\Dell service\.jdks\azul-17.0.6\bin\management_ext.dll
0x00007ffecc650000 - 0x00007ffecc658000 	C:\WINDOWS\System32\PSAPI.DLL
0x00007ffea5830000 - 0x00007ffea5847000 	C:\WINDOWS\system32\napinsp.dll
0x00007ffea5940000 - 0x00007ffea595b000 	C:\WINDOWS\system32\pnrpnsp.dll
0x00007ffeca180000 - 0x00007ffeca273000 	C:\WINDOWS\SYSTEM32\DNSAPI.dll
0x00007ffecd280000 - 0x00007ffecd289000 	C:\WINDOWS\System32\NSI.dll
0x00007ffea58b0000 - 0x00007ffea58c1000 	C:\WINDOWS\System32\winrnr.dll
0x00007ffea5710000 - 0x00007ffea5725000 	C:\WINDOWS\system32\wshbth.dll
0x00007ffea5620000 - 0x00007ffea5641000 	C:\WINDOWS\system32\nlansp_c.dll
0x00007ffec0220000 - 0x00007ffec022a000 	C:\Windows\System32\rasadhlp.dll
0x00007ffec3580000 - 0x00007ffec3603000 	C:\WINDOWS\System32\fwpuclnt.dll

dbghelp: loaded successfully - version: 4.0.5 - missing functions: none
symbol engine: initialized successfully - sym options: 0x614 - pdb path: .;C:\Users\Dell service\.jdks\azul-17.0.6\bin;C:\WINDOWS\SYSTEM32;C:\WINDOWS\WinSxS\amd64_microsoft.windows.common-controls_6595b64144ccf1df_6.0.22621.608_none_a9444ca7c10bb01d;C:\Users\Dell service\.jdks\azul-17.0.6\bin\server

VM Arguments:
jvm_args: -agentlib:jdwp=transport=dt_socket,server=n,suspend=y,address=127.0.0.1:51816 -Dfile.encoding=windows-1252 -Duser.country=US -Duser.language=en -Duser.variant 
java_command: sqa.example.PtitApplication
java_class_path (initial): C:\Users\Dell service\Desktop\sqa-quan-ly-diem-ptit\build\classes\java\main;C:\Users\Dell service\Desktop\sqa-quan-ly-diem-ptit\build\resources\main;C:\Users\Dell service\.gradle\caches\modules-2\files-2.1\org.springframework.boot\spring-boot-starter-data-jpa\2.7.11-SNAPSHOT\5782d7638ea779fcad749c560e8b9dc58495e3f1\spring-boot-starter-data-jpa-2.7.11-SNAPSHOT.jar;C:\Users\Dell service\.gradle\caches\modules-2\files-2.1\org.springframework.boot\spring-boot-starter-web\2.7.11-SNAPSHOT\4e084ae123717f611f76451f31305830cd29c642\spring-boot-starter-web-2.7.11-SNAPSHOT.jar;C:\Users\Dell service\.gradle\caches\modules-2\files-2.1\org.projectlombok\lombok\1.18.20\18bcea7d5df4d49227b4a0743a536208ce4825bb\lombok-1.18.20.jar;C:\Users\Dell service\.gradle\caches\modules-2\files-2.1\junit\junit\4.13.1\cdd00374f1fee76b11e2a9d127405aa3f6be5b6a\junit-4.13.1.jar;C:\Users\Dell service\.gradle\caches\modules-2\files-2.1\com.mysql\mysql-connector-j\8.0.33\9e64d997873abc4318620264703d3fdb6b02dd5a\mysql-connector-j-8.0.33.jar;C:\Users\Dell service\.gradle\caches\modules-2\files-2.1\org.flywaydb\flyway-mysql\8.5.13\c19e9c61ccb820e6384ed992f5a5c82a3469a9f4\flyway-mysql-8.5.13.jar;C:\Users\Dell service\.gradle\caches\modules-2\files-2.1\org.flywaydb\flyway-core\9.8.1\54097ec300aeef620881849104fea87504116514\flyway-core-9.8.1.jar;C:\Users\Dell service\.gradle\caches\modules-2\files-2.1\org.springframework.boot\spring-boot-starter-aop\2.7.11-SNAPSHOT\902bb4aefcb9bbe3f9bc022aaa7aac5d0ad91f86\spring-boot-starter-aop-2.7.11-SNAPSHOT.jar;C:\Users\Dell service\.gradle\caches\modules-2\files-2.1\org.springframework.boot\spring-boot-starter-jdbc\2.7.11-SNAPSHOT\bf7dd744a0d962a05d3626430ec855b7bc2836d6\spring-boot-starter-jdbc-2.7.11-SNAPSHOT.jar;C:\Users\Dell service\.gradle\caches\modules-2\files-2.1\jakarta.transaction\jakarta.transaction-api\1.3.3\c4179d48720a1e87202115fbed6089bdc4195405\jakarta.transaction-api-1.3.3.jar;C:\Users\Dell service\.gradle\caches\modules-2\f
Launcher Type: SUN_STANDARD

[Global flags]
     intx CICompilerCount                          = 4                                         {product} {ergonomic}
     uint ConcGCThreads                            = 2                                         {product} {ergonomic}
     uint G1ConcRefinementThreads                  = 8                                         {product} {ergonomic}
   size_t G1HeapRegionSize                         = 2097152                                   {product} {ergonomic}
    uintx GCDrainStackTargetSize                   = 64                                        {product} {ergonomic}
   size_t InitialHeapSize                          = 266338304                                 {product} {ergonomic}
   size_t MarkStackSize                            = 4194304                                   {product} {ergonomic}
   size_t MaxHeapSize                              = 4246732800                                {product} {ergonomic}
   size_t MaxNewSize                               = 2548039680                                {product} {ergonomic}
   size_t MinHeapDeltaBytes                        = 2097152                                   {product} {ergonomic}
   size_t MinHeapSize                              = 8388608                                   {product} {ergonomic}
    uintx NonNMethodCodeHeapSize                   = 5839372                                {pd product} {ergonomic}
    uintx NonProfiledCodeHeapSize                  = 122909434                              {pd product} {ergonomic}
    uintx ProfiledCodeHeapSize                     = 122909434                              {pd product} {ergonomic}
    uintx ReservedCodeCacheSize                    = 251658240                              {pd product} {ergonomic}
     bool SegmentedCodeCache                       = true                                      {product} {ergonomic}
   size_t SoftMaxHeapSize                          = 4246732800                             {manageable} {ergonomic}
     bool UseCompressedClassPointers               = true                           {product lp64_product} {ergonomic}
     bool UseCompressedOops                        = true                           {product lp64_product} {ergonomic}
     bool UseG1GC                                  = true                                      {product} {ergonomic}
     bool UseLargePagesIndividualAllocation        = false                                  {pd product} {ergonomic}

Logging:
Log output configuration:
 #0: stdout all=warning uptime,level,tags
 #1: stderr all=off uptime,level,tags

Environment Variables:
JAVA_HOME=C:\Program Files\Java\jdk1.8.0_202
PATH=C:\Program Files\ImageMagick-7.1.0-Q16-HDRI;C:\Program Files (x86)\VMware\VMware Player\bin\;C:\Python39\Scripts\;C:\Python39\;C:\WINDOWS\system32;C:\WINDOWS;C:\WINDOWS\System32\Wbem;C:\WINDOWS\System32\WindowsPowerShell\v1.0\;C:\WINDOWS\System32\OpenSSH\;C:\Program Files\Git\cmd;C:\Program Files\Java\jdk1.8.0_202\bin;C:\Program Files\MinGW\bin;C:\Program Files\Microsoft SQL Server\Client SDK\ODBC\170\Tools\Binn\;C:\Program Files (x86)\Microsoft SQL Server\150\Tools\Binn\;C:\Program Files\Microsoft SQL Server\150\Tools\Binn\;C:\Program Files\Microsoft SQL Server\150\DTS\Binn\;C:\Users\Dell service\AppData\Roaming\nvm;C:\Program Files\nodejs;C:\WINDOWS\system32;C:\WINDOWS;C:\WINDOWS\System32\Wbem;C:\WINDOWS\System32\WindowsPowerShell\v1.0\;C:\WINDOWS\System32\OpenSSH\;C:\Program Files\dotnet\;C:\Program Files\PostgreSQL\15\bin;C:\Program Files\Redis\;D:\platform-tools_r29.0.5-windows\platform-tools;C:\Program Files\maven\apache-maven-3.9.1\bin;;C:\Program Files\Docker\Docker\resources\bin;C:\minikube;C:\Anacoda;C:\Anacoda\Library\mingw-w64\bin;C:\Anacoda\Library\usr\bin;C:\Anacoda\Library\bin;C:\Anacoda\Scripts;C:\Program Files\JetBrains\PyCharm Community Edition 2022.2.1\bin;;C:\Users\Dell service\AppData\Local\Microsoft\WindowsApps;C:\Program Files\JetBrains\IntelliJ IDEA Community Edition 2022.1.3\bin;;D:\IntelliJ IDEA 2023.1\bin;;C:\Program Files\JetBrains\CLion 2021.3.4\bin;;C:\Program Files\Azure Data Studio\bin;C:\Program Files\heroku\bin;C:\Users\Dell service\AppData\Local\Programs\Microsoft VS Code\bin;C:\Users\Dell service\AppData\Roaming\npm;D:\WebStorm 2023.1\bin;;C:\Users\Dell service\AppData\Roaming\nvm;C:\Program Files\nodejs;C:\Program Files\NVIDIA GPU Computing Toolkit\CUDA\v11.7\bin;C:\Program Files\NVIDIA GPU Computing Toolkit\CUDA\v11.7\libnvvp;C:\Program Files\NVIDIA GPU Computing Toolkit\CUDA\v11.7\extras\CUPTI\lib64;C:\Program Files\NVIDIA GPU Computing Toolkit\CUDA\v11.7\include;
USERNAME=Dell service
OS=Windows_NT
PROCESSOR_IDENTIFIER=Intel64 Family 6 Model 142 Stepping 12, GenuineIntel
TMP=C:\Users\DELLSE~1\AppData\Local\Temp
TEMP=C:\Users\DELLSE~1\AppData\Local\Temp



---------------  S Y S T E M  ---------------

OS:
 Windows 11 , 64 bit Build 22621 (10.0.22621.1485)
OS uptime: 5 days 7:48 hours
Hyper-V role detected

CPU: total 8 (initial active 8) (4 cores per cpu, 2 threads per core) family 6 model 142 stepping 12 microcode 0xf0, cx8, cmov, fxsr, ht, mmx, 3dnowpref, sse, sse2, sse3, ssse3, sse4.1, sse4.2, popcnt, lzcnt, tsc, tscinvbit, avx, avx2, aes, erms, clmul, bmi1, bmi2, adx, fma, vzeroupper, clflush, clflushopt, hv

Memory: 4k page, system-wide physical 16198M (2860M free)
TotalPageFile size 28698M (AvailPageFile size 10M)
current process WorkingSet (physical memory assigned to process): 204M, peak: 210M
current process commit charge ("private bytes"): 435M, peak: 441M

vm_info: OpenJDK 64-Bit Server VM (17.0.6+10-LTS) for windows-amd64 JRE (17.0.6+10-LTS) (Zulu17.40+19-CA), built on Jan  4 2023 14:58:55 by "zulu_re" with MS VC++ 16.10 / 16.11 (VS2019)

END.
